DEBUG - 2025-03-14 00:18:44 --> Session: Class initialized using 'CodeIgniter\Session\Handlers\FileHandler' driver.
DEBUG - 2025-03-14 00:18:44 --> Session: Class initialized using 'CodeIgniter\Session\Handlers\FileHandler' driver.
DEBUG - 2025-03-14 00:18:53 --> Session: Class initialized using 'CodeIgniter\Session\Handlers\FileHandler' driver.
DEBUG - 2025-03-14 00:18:53 --> Session: Class initialized using 'CodeIgniter\Session\Handlers\FileHandler' driver.
DEBUG - 2025-03-14 00:19:03 --> Session: Class initialized using 'CodeIgniter\Session\Handlers\FileHandler' driver.
DEBUG - 2025-03-14 00:19:05 --> Session: Class initialized using 'CodeIgniter\Session\Handlers\FileHandler' driver.
DEBUG - 2025-03-14 00:19:05 --> Session: Class initialized using 'CodeIgniter\Session\Handlers\FileHandler' driver.
DEBUG - 2025-03-14 00:19:41 --> Session: Class initialized using 'CodeIgniter\Session\Handlers\FileHandler' driver.
DEBUG - 2025-03-14 00:19:41 --> Session: Class initialized using 'CodeIgniter\Session\Handlers\FileHandler' driver.
DEBUG - 2025-03-14 00:19:44 --> Session: Class initialized using 'CodeIgniter\Session\Handlers\FileHandler' driver.
DEBUG - 2025-03-14 00:19:44 --> Session: Class initialized using 'CodeIgniter\Session\Handlers\FileHandler' driver.
DEBUG - 2025-03-14 00:36:15 --> Session: Class initialized using 'CodeIgniter\Session\Handlers\FileHandler' driver.
DEBUG - 2025-03-14 00:36:15 --> Session: Class initialized using 'CodeIgniter\Session\Handlers\FileHandler' driver.
DEBUG - 2025-03-14 00:36:16 --> Session: Class initialized using 'CodeIgniter\Session\Handlers\FileHandler' driver.
DEBUG - 2025-03-14 00:36:16 --> Session: Class initialized using 'CodeIgniter\Session\Handlers\FileHandler' driver.
DEBUG - 2025-03-14 00:37:17 --> Session: Class initialized using 'CodeIgniter\Session\Handlers\FileHandler' driver.
CRITICAL - 2025-03-14 00:37:17 --> CodeIgniter\Exceptions\BadMethodCallException: Call to undefined method CodeIgniter\Shield\Models\UserModel::addGroup
[Method: POST, Route: register]
in SYSTEMPATH\Model.php on line 930.
 1 VENDORPATH\codeigniter4\shield\src\Controllers\RegisterController.php(127): CodeIgniter\Model->__call('addGroup', [...])
 2 SYSTEMPATH\CodeIgniter.php(933): CodeIgniter\Shield\Controllers\RegisterController->registerAction()
 3 SYSTEMPATH\CodeIgniter.php(507): CodeIgniter\CodeIgniter->runController(Object(CodeIgniter\Shield\Controllers\RegisterController))
 4 SYSTEMPATH\CodeIgniter.php(354): CodeIgniter\CodeIgniter->handleRequest(null, Object(Config\Cache), false)
 5 SYSTEMPATH\Boot.php(334): CodeIgniter\CodeIgniter->run()
 6 SYSTEMPATH\Boot.php(67): CodeIgniter\Boot::runCodeIgniter(Object(CodeIgniter\CodeIgniter))
 7 FCPATH\index.php(56): CodeIgniter\Boot::bootWeb(Object(Config\Paths))
DEBUG - 2025-03-14 00:41:12 --> Session: Class initialized using 'CodeIgniter\Session\Handlers\FileHandler' driver.
DEBUG - 2025-03-14 00:41:12 --> Session: Class initialized using 'CodeIgniter\Session\Handlers\FileHandler' driver.
DEBUG - 2025-03-14 00:41:23 --> Session: Class initialized using 'CodeIgniter\Session\Handlers\FileHandler' driver.
CRITICAL - 2025-03-14 00:41:24 --> CodeIgniter\Shield\Authorization\AuthorizationException: freelancer não é um grupo válido.
[Method: POST, Route: register]
in VENDORPATH\codeigniter4\shield\src\Authorization\AuthorizationException.php on line 24.
 1 VENDORPATH\codeigniter4\shield\src\Authorization\Traits\Authorizable.php(50): CodeIgniter\Shield\Authorization\AuthorizationException::forUnknownGroup('freelancer')
 2 VENDORPATH\codeigniter4\shield\src\Models\UserModel.php(175): CodeIgniter\Shield\Entities\User->addGroup('freelancer')
 3 VENDORPATH\codeigniter4\shield\src\Controllers\RegisterController.php(127): CodeIgniter\Shield\Models\UserModel->addFreelancerGroup(Object(CodeIgniter\Shield\Entities\User))
 4 SYSTEMPATH\CodeIgniter.php(933): CodeIgniter\Shield\Controllers\RegisterController->registerAction()
 5 SYSTEMPATH\CodeIgniter.php(507): CodeIgniter\CodeIgniter->runController(Object(CodeIgniter\Shield\Controllers\RegisterController))
 6 SYSTEMPATH\CodeIgniter.php(354): CodeIgniter\CodeIgniter->handleRequest(null, Object(Config\Cache), false)
 7 SYSTEMPATH\Boot.php(334): CodeIgniter\CodeIgniter->run()
 8 SYSTEMPATH\Boot.php(67): CodeIgniter\Boot::runCodeIgniter(Object(CodeIgniter\CodeIgniter))
 9 FCPATH\index.php(56): CodeIgniter\Boot::bootWeb(Object(Config\Paths))
DEBUG - 2025-03-14 00:43:36 --> Session: Class initialized using 'CodeIgniter\Session\Handlers\FileHandler' driver.
DEBUG - 2025-03-14 00:43:36 --> Session: Class initialized using 'CodeIgniter\Session\Handlers\FileHandler' driver.
DEBUG - 2025-03-14 00:43:36 --> Session: Class initialized using 'CodeIgniter\Session\Handlers\FileHandler' driver.
DEBUG - 2025-03-14 00:43:56 --> Session: Class initialized using 'CodeIgniter\Session\Handlers\FileHandler' driver.
DEBUG - 2025-03-14 00:43:57 --> Session: Class initialized using 'CodeIgniter\Session\Handlers\FileHandler' driver.
DEBUG - 2025-03-14 00:43:57 --> Session: Class initialized using 'CodeIgniter\Session\Handlers\FileHandler' driver.
DEBUG - 2025-03-14 00:44:15 --> Session: Class initialized using 'CodeIgniter\Session\Handlers\FileHandler' driver.
CRITICAL - 2025-03-14 00:44:15 --> CodeIgniter\Shield\Authorization\AuthorizationException: contratante não é um grupo válido.
[Method: POST, Route: register]
in VENDORPATH\codeigniter4\shield\src\Authorization\AuthorizationException.php on line 24.
 1 VENDORPATH\codeigniter4\shield\src\Authorization\Traits\Authorizable.php(50): CodeIgniter\Shield\Authorization\AuthorizationException::forUnknownGroup('contratante')
 2 VENDORPATH\codeigniter4\shield\src\Models\UserModel.php(187): CodeIgniter\Shield\Entities\User->addGroup('Contratante')
 3 VENDORPATH\codeigniter4\shield\src\Controllers\RegisterController.php(129): CodeIgniter\Shield\Models\UserModel->addContratanteGroup(Object(CodeIgniter\Shield\Entities\User))
 4 SYSTEMPATH\CodeIgniter.php(933): CodeIgniter\Shield\Controllers\RegisterController->registerAction()
 5 SYSTEMPATH\CodeIgniter.php(507): CodeIgniter\CodeIgniter->runController(Object(CodeIgniter\Shield\Controllers\RegisterController))
 6 SYSTEMPATH\CodeIgniter.php(354): CodeIgniter\CodeIgniter->handleRequest(null, Object(Config\Cache), false)
 7 SYSTEMPATH\Boot.php(334): CodeIgniter\CodeIgniter->run()
 8 SYSTEMPATH\Boot.php(67): CodeIgniter\Boot::runCodeIgniter(Object(CodeIgniter\CodeIgniter))
 9 FCPATH\index.php(56): CodeIgniter\Boot::bootWeb(Object(Config\Paths))
DEBUG - 2025-03-14 00:48:56 --> Session: Class initialized using 'CodeIgniter\Session\Handlers\FileHandler' driver.
DEBUG - 2025-03-14 00:48:56 --> Session: Class initialized using 'CodeIgniter\Session\Handlers\FileHandler' driver.
DEBUG - 2025-03-14 00:49:25 --> Session: Class initialized using 'CodeIgniter\Session\Handlers\FileHandler' driver.
CRITICAL - 2025-03-14 00:49:25 --> Error: Call to a member function addGroup() on null
[Method: POST, Route: register]
in VENDORPATH\codeigniter4\shield\src\Models\UserModel.php on line 175.
 1 VENDORPATH\codeigniter4\shield\src\Controllers\RegisterController.php(127): CodeIgniter\Shield\Models\UserModel->addFreelancerGroup(null)
 2 SYSTEMPATH\CodeIgniter.php(933): CodeIgniter\Shield\Controllers\RegisterController->registerAction()
 3 SYSTEMPATH\CodeIgniter.php(507): CodeIgniter\CodeIgniter->runController(Object(CodeIgniter\Shield\Controllers\RegisterController))
 4 SYSTEMPATH\CodeIgniter.php(354): CodeIgniter\CodeIgniter->handleRequest(null, Object(Config\Cache), false)
 5 SYSTEMPATH\Boot.php(334): CodeIgniter\CodeIgniter->run()
 6 SYSTEMPATH\Boot.php(67): CodeIgniter\Boot::runCodeIgniter(Object(CodeIgniter\CodeIgniter))
 7 FCPATH\index.php(56): CodeIgniter\Boot::bootWeb(Object(Config\Paths))
DEBUG - 2025-03-14 00:56:08 --> Session: Class initialized using 'CodeIgniter\Session\Handlers\FileHandler' driver.
DEBUG - 2025-03-14 00:56:08 --> Session: Class initialized using 'CodeIgniter\Session\Handlers\FileHandler' driver.
DEBUG - 2025-03-14 00:56:26 --> Session: Class initialized using 'CodeIgniter\Session\Handlers\FileHandler' driver.
CRITICAL - 2025-03-14 00:56:26 --> CodeIgniter\Shield\Exceptions\InvalidArgumentException: --not found-- não é um grupo válido.
[Method: POST, Route: register]
in VENDORPATH\codeigniter4\shield\src\Models\UserModel.php on line 171.
 1 VENDORPATH\codeigniter4\shield\src\Controllers\RegisterController.php(127): CodeIgniter\Shield\Models\UserModel->addFreelancerGroup(Object(CodeIgniter\Shield\Entities\User))
 2 SYSTEMPATH\CodeIgniter.php(933): CodeIgniter\Shield\Controllers\RegisterController->registerAction()
 3 SYSTEMPATH\CodeIgniter.php(507): CodeIgniter\CodeIgniter->runController(Object(CodeIgniter\Shield\Controllers\RegisterController))
 4 SYSTEMPATH\CodeIgniter.php(354): CodeIgniter\CodeIgniter->handleRequest(null, Object(Config\Cache), false)
 5 SYSTEMPATH\Boot.php(334): CodeIgniter\CodeIgniter->run()
 6 SYSTEMPATH\Boot.php(67): CodeIgniter\Boot::runCodeIgniter(Object(CodeIgniter\CodeIgniter))
 7 FCPATH\index.php(56): CodeIgniter\Boot::bootWeb(Object(Config\Paths))
DEBUG - 2025-03-14 00:58:01 --> Session: Class initialized using 'CodeIgniter\Session\Handlers\FileHandler' driver.
DEBUG - 2025-03-14 00:58:01 --> Session: Class initialized using 'CodeIgniter\Session\Handlers\FileHandler' driver.
DEBUG - 2025-03-14 00:58:13 --> Session: Class initialized using 'CodeIgniter\Session\Handlers\FileHandler' driver.
CRITICAL - 2025-03-14 00:58:13 --> Error: Call to a member function addGroup() on null
[Method: POST, Route: register]
in VENDORPATH\codeigniter4\shield\src\Models\UserModel.php on line 171.
 1 VENDORPATH\codeigniter4\shield\src\Controllers\RegisterController.php(127): CodeIgniter\Shield\Models\UserModel->addFreelancerGroup(null)
 2 SYSTEMPATH\CodeIgniter.php(933): CodeIgniter\Shield\Controllers\RegisterController->registerAction()
 3 SYSTEMPATH\CodeIgniter.php(507): CodeIgniter\CodeIgniter->runController(Object(CodeIgniter\Shield\Controllers\RegisterController))
 4 SYSTEMPATH\CodeIgniter.php(354): CodeIgniter\CodeIgniter->handleRequest(null, Object(Config\Cache), false)
 5 SYSTEMPATH\Boot.php(334): CodeIgniter\CodeIgniter->run()
 6 SYSTEMPATH\Boot.php(67): CodeIgniter\Boot::runCodeIgniter(Object(CodeIgniter\CodeIgniter))
 7 FCPATH\index.php(56): CodeIgniter\Boot::bootWeb(Object(Config\Paths))
DEBUG - 2025-03-14 00:58:29 --> Session: Class initialized using 'CodeIgniter\Session\Handlers\FileHandler' driver.
DEBUG - 2025-03-14 00:58:29 --> Session: Class initialized using 'CodeIgniter\Session\Handlers\FileHandler' driver.
DEBUG - 2025-03-14 00:58:39 --> Session: Class initialized using 'CodeIgniter\Session\Handlers\FileHandler' driver.
DEBUG - 2025-03-14 00:58:40 --> Session: Class initialized using 'CodeIgniter\Session\Handlers\FileHandler' driver.
DEBUG - 2025-03-14 00:58:40 --> Session: Class initialized using 'CodeIgniter\Session\Handlers\FileHandler' driver.
DEBUG - 2025-03-14 00:59:23 --> Session: Class initialized using 'CodeIgniter\Session\Handlers\FileHandler' driver.
DEBUG - 2025-03-14 00:59:24 --> Session: Class initialized using 'CodeIgniter\Session\Handlers\FileHandler' driver.
DEBUG - 2025-03-14 00:59:24 --> Session: Class initialized using 'CodeIgniter\Session\Handlers\FileHandler' driver.
DEBUG - 2025-03-14 00:59:25 --> Session: Class initialized using 'CodeIgniter\Session\Handlers\FileHandler' driver.
DEBUG - 2025-03-14 00:59:25 --> Session: Class initialized using 'CodeIgniter\Session\Handlers\FileHandler' driver.
DEBUG - 2025-03-14 00:59:56 --> Session: Class initialized using 'CodeIgniter\Session\Handlers\FileHandler' driver.
DEBUG - 2025-03-14 00:59:57 --> Session: Class initialized using 'CodeIgniter\Session\Handlers\FileHandler' driver.
DEBUG - 2025-03-14 00:59:57 --> Session: Class initialized using 'CodeIgniter\Session\Handlers\FileHandler' driver.
DEBUG - 2025-03-14 01:00:07 --> Session: Class initialized using 'CodeIgniter\Session\Handlers\FileHandler' driver.
DEBUG - 2025-03-14 01:00:08 --> Session: Class initialized using 'CodeIgniter\Session\Handlers\FileHandler' driver.
DEBUG - 2025-03-14 01:00:08 --> Session: Class initialized using 'CodeIgniter\Session\Handlers\FileHandler' driver.
DEBUG - 2025-03-14 01:10:51 --> Session: Class initialized using 'CodeIgniter\Session\Handlers\FileHandler' driver.
DEBUG - 2025-03-14 01:10:51 --> Session: Class initialized using 'CodeIgniter\Session\Handlers\FileHandler' driver.
DEBUG - 2025-03-14 01:19:39 --> Session: Class initialized using 'CodeIgniter\Session\Handlers\FileHandler' driver.
DEBUG - 2025-03-14 01:19:39 --> Session: Class initialized using 'CodeIgniter\Session\Handlers\FileHandler' driver.
DEBUG - 2025-03-14 01:19:39 --> Session: Class initialized using 'CodeIgniter\Session\Handlers\FileHandler' driver.
DEBUG - 2025-03-14 01:19:49 --> Session: Class initialized using 'CodeIgniter\Session\Handlers\FileHandler' driver.
DEBUG - 2025-03-14 01:19:49 --> Session: Class initialized using 'CodeIgniter\Session\Handlers\FileHandler' driver.
DEBUG - 2025-03-14 01:19:50 --> Session: Class initialized using 'CodeIgniter\Session\Handlers\FileHandler' driver.
DEBUG - 2025-03-14 01:19:57 --> Session: Class initialized using 'CodeIgniter\Session\Handlers\FileHandler' driver.
DEBUG - 2025-03-14 01:21:39 --> Session: Class initialized using 'CodeIgniter\Session\Handlers\FileHandler' driver.
DEBUG - 2025-03-14 01:21:39 --> Session: Class initialized using 'CodeIgniter\Session\Handlers\FileHandler' driver.
DEBUG - 2025-03-14 01:21:39 --> Session: Class initialized using 'CodeIgniter\Session\Handlers\FileHandler' driver.
DEBUG - 2025-03-14 01:21:48 --> Session: Class initialized using 'CodeIgniter\Session\Handlers\FileHandler' driver.
DEBUG - 2025-03-14 01:21:48 --> Session: Class initialized using 'CodeIgniter\Session\Handlers\FileHandler' driver.
DEBUG - 2025-03-14 01:21:48 --> Session: Class initialized using 'CodeIgniter\Session\Handlers\FileHandler' driver.
DEBUG - 2025-03-14 01:21:58 --> Session: Class initialized using 'CodeIgniter\Session\Handlers\FileHandler' driver.
DEBUG - 2025-03-14 01:21:58 --> Session: Class initialized using 'CodeIgniter\Session\Handlers\FileHandler' driver.
DEBUG - 2025-03-14 01:21:58 --> Session: Class initialized using 'CodeIgniter\Session\Handlers\FileHandler' driver.
DEBUG - 2025-03-14 01:22:02 --> Session: Class initialized using 'CodeIgniter\Session\Handlers\FileHandler' driver.
DEBUG - 2025-03-14 01:22:02 --> Session: Class initialized using 'CodeIgniter\Session\Handlers\FileHandler' driver.
DEBUG - 2025-03-14 01:22:03 --> Session: Class initialized using 'CodeIgniter\Session\Handlers\FileHandler' driver.
CRITICAL - 2025-03-14 01:22:55 --> ParseError: syntax error, unexpected token "public"
[Method: GET, Route: logout]
in APPPATH\Config\Auth.php on line 455.
 1 SYSTEMPATH\Autoloader\Autoloader.php(295): CodeIgniter\Autoloader\Autoloader->includeFile('C:\\xampp\\htdocs\\projeto-e-jobs\\app\\Config\\Auth.php')
 2 SYSTEMPATH\Autoloader\Autoloader.php(271): CodeIgniter\Autoloader\Autoloader->loadInNamespace('Config\\Auth')
 3 [internal function]: CodeIgniter\Autoloader\Autoloader->loadClass('Config\\Auth')
 4 SYSTEMPATH\Config\Factories.php(290): class_exists('Config\\Auth')
 5 SYSTEMPATH\Config\Factories.php(216): CodeIgniter\Config\Factories::locateClass([...], 'Auth')
 6 SYSTEMPATH\Config\Factories.php(159): CodeIgniter\Config\Factories::getDefinedInstance([...], 'Auth', [])
 7 SYSTEMPATH\Config\Factories.php(188): CodeIgniter\Config\Factories::__callStatic('config', [])
 8 SYSTEMPATH\Common.php(210): CodeIgniter\Config\Factories::get('config', 'Auth')
 9 VENDORPATH\codeigniter4\shield\src\Config\Services.php(34): config('Auth')
10 SYSTEMPATH\Config\BaseService.php(312): CodeIgniter\Shield\Config\Services::auth(false)
11 SYSTEMPATH\Config\BaseService.php(251): CodeIgniter\Config\BaseService::__callStatic('auth', [...])
12 VENDORPATH\codeigniter4\shield\src\Config\Services.php(30): CodeIgniter\Config\BaseService::getSharedInstance('auth')
13 SYSTEMPATH\Config\BaseService.php(321): CodeIgniter\Shield\Config\Services::auth()
14 SYSTEMPATH\Config\BaseService.php(202): CodeIgniter\Config\BaseService::__callStatic('auth', [])
15 SYSTEMPATH\Common.php(1000): CodeIgniter\Config\BaseService::get('auth')
16 VENDORPATH\codeigniter4\shield\src\Collectors\Auth.php(60): service('auth')
17 SYSTEMPATH\Debug\Toolbar.php(67): CodeIgniter\Shield\Collectors\Auth->__construct()
18 SYSTEMPATH\Config\Services.php(796): CodeIgniter\Debug\Toolbar->__construct(Object(Config\Toolbar))
19 SYSTEMPATH\Config\BaseService.php(312): CodeIgniter\Config\Services::toolbar(Object(Config\Toolbar), false)
20 SYSTEMPATH\Config\BaseService.php(251): CodeIgniter\Config\BaseService::__callStatic('toolbar', [...])
21 SYSTEMPATH\Config\Services.php(791): CodeIgniter\Config\BaseService::getSharedInstance('toolbar', null)
22 SYSTEMPATH\Config\BaseService.php(321): CodeIgniter\Config\Services::toolbar()
23 SYSTEMPATH\Config\BaseService.php(202): CodeIgniter\Config\BaseService::__callStatic('toolbar', [])
24 SYSTEMPATH\Common.php(1000): CodeIgniter\Config\BaseService::get('toolbar')
25 APPPATH\Config\Events.php(47): service('toolbar')
26 SYSTEMPATH\Events\Events.php(155): CodeIgniter\Events\Events::Config\{closure}()
27 SYSTEMPATH\CodeIgniter.php(339): CodeIgniter\Events\Events::trigger('pre_system')
28 SYSTEMPATH\Boot.php(334): CodeIgniter\CodeIgniter->run()
29 SYSTEMPATH\Boot.php(67): CodeIgniter\Boot::runCodeIgniter(Object(CodeIgniter\CodeIgniter))
30 FCPATH\index.php(56): CodeIgniter\Boot::bootWeb(Object(Config\Paths))
CRITICAL - 2025-03-14 01:22:56 --> ParseError: syntax error, unexpected token "public"
[Method: GET, Route: loogut]
in APPPATH\Config\Auth.php on line 455.
 1 SYSTEMPATH\Autoloader\Autoloader.php(295): CodeIgniter\Autoloader\Autoloader->includeFile('C:\\xampp\\htdocs\\projeto-e-jobs\\app\\Config\\Auth.php')
 2 SYSTEMPATH\Autoloader\Autoloader.php(271): CodeIgniter\Autoloader\Autoloader->loadInNamespace('Config\\Auth')
 3 [internal function]: CodeIgniter\Autoloader\Autoloader->loadClass('Config\\Auth')
 4 SYSTEMPATH\Config\Factories.php(290): class_exists('Config\\Auth')
 5 SYSTEMPATH\Config\Factories.php(216): CodeIgniter\Config\Factories::locateClass([...], 'Auth')
 6 SYSTEMPATH\Config\Factories.php(159): CodeIgniter\Config\Factories::getDefinedInstance([...], 'Auth', [])
 7 SYSTEMPATH\Config\Factories.php(188): CodeIgniter\Config\Factories::__callStatic('config', [])
 8 SYSTEMPATH\Common.php(210): CodeIgniter\Config\Factories::get('config', 'Auth')
 9 VENDORPATH\codeigniter4\shield\src\Config\Services.php(34): config('Auth')
10 SYSTEMPATH\Config\BaseService.php(312): CodeIgniter\Shield\Config\Services::auth(false)
11 SYSTEMPATH\Config\BaseService.php(251): CodeIgniter\Config\BaseService::__callStatic('auth', [...])
12 VENDORPATH\codeigniter4\shield\src\Config\Services.php(30): CodeIgniter\Config\BaseService::getSharedInstance('auth')
13 SYSTEMPATH\Config\BaseService.php(321): CodeIgniter\Shield\Config\Services::auth()
14 SYSTEMPATH\Config\BaseService.php(202): CodeIgniter\Config\BaseService::__callStatic('auth', [])
15 SYSTEMPATH\Common.php(1000): CodeIgniter\Config\BaseService::get('auth')
16 VENDORPATH\codeigniter4\shield\src\Collectors\Auth.php(60): service('auth')
17 SYSTEMPATH\Debug\Toolbar.php(67): CodeIgniter\Shield\Collectors\Auth->__construct()
18 SYSTEMPATH\Config\Services.php(796): CodeIgniter\Debug\Toolbar->__construct(Object(Config\Toolbar))
19 SYSTEMPATH\Config\BaseService.php(312): CodeIgniter\Config\Services::toolbar(Object(Config\Toolbar), false)
20 SYSTEMPATH\Config\BaseService.php(251): CodeIgniter\Config\BaseService::__callStatic('toolbar', [...])
21 SYSTEMPATH\Config\Services.php(791): CodeIgniter\Config\BaseService::getSharedInstance('toolbar', null)
22 SYSTEMPATH\Config\BaseService.php(321): CodeIgniter\Config\Services::toolbar()
23 SYSTEMPATH\Config\BaseService.php(202): CodeIgniter\Config\BaseService::__callStatic('toolbar', [])
24 SYSTEMPATH\Common.php(1000): CodeIgniter\Config\BaseService::get('toolbar')
25 APPPATH\Config\Events.php(47): service('toolbar')
26 SYSTEMPATH\Events\Events.php(155): CodeIgniter\Events\Events::Config\{closure}()
27 SYSTEMPATH\CodeIgniter.php(339): CodeIgniter\Events\Events::trigger('pre_system')
28 SYSTEMPATH\Boot.php(334): CodeIgniter\CodeIgniter->run()
29 SYSTEMPATH\Boot.php(67): CodeIgniter\Boot::runCodeIgniter(Object(CodeIgniter\CodeIgniter))
30 FCPATH\index.php(56): CodeIgniter\Boot::bootWeb(Object(Config\Paths))
CRITICAL - 2025-03-14 01:23:02 --> ParseError: syntax error, unexpected token "public"
[Method: GET, Route: logout]
in APPPATH\Config\Auth.php on line 455.
 1 SYSTEMPATH\Autoloader\Autoloader.php(295): CodeIgniter\Autoloader\Autoloader->includeFile('C:\\xampp\\htdocs\\projeto-e-jobs\\app\\Config\\Auth.php')
 2 SYSTEMPATH\Autoloader\Autoloader.php(271): CodeIgniter\Autoloader\Autoloader->loadInNamespace('Config\\Auth')
 3 [internal function]: CodeIgniter\Autoloader\Autoloader->loadClass('Config\\Auth')
 4 SYSTEMPATH\Config\Factories.php(290): class_exists('Config\\Auth')
 5 SYSTEMPATH\Config\Factories.php(216): CodeIgniter\Config\Factories::locateClass([...], 'Auth')
 6 SYSTEMPATH\Config\Factories.php(159): CodeIgniter\Config\Factories::getDefinedInstance([...], 'Auth', [])
 7 SYSTEMPATH\Config\Factories.php(188): CodeIgniter\Config\Factories::__callStatic('config', [])
 8 SYSTEMPATH\Common.php(210): CodeIgniter\Config\Factories::get('config', 'Auth')
 9 VENDORPATH\codeigniter4\shield\src\Config\Services.php(34): config('Auth')
10 SYSTEMPATH\Config\BaseService.php(312): CodeIgniter\Shield\Config\Services::auth(false)
11 SYSTEMPATH\Config\BaseService.php(251): CodeIgniter\Config\BaseService::__callStatic('auth', [...])
12 VENDORPATH\codeigniter4\shield\src\Config\Services.php(30): CodeIgniter\Config\BaseService::getSharedInstance('auth')
13 SYSTEMPATH\Config\BaseService.php(321): CodeIgniter\Shield\Config\Services::auth()
14 SYSTEMPATH\Config\BaseService.php(202): CodeIgniter\Config\BaseService::__callStatic('auth', [])
15 SYSTEMPATH\Common.php(1000): CodeIgniter\Config\BaseService::get('auth')
16 VENDORPATH\codeigniter4\shield\src\Collectors\Auth.php(60): service('auth')
17 SYSTEMPATH\Debug\Toolbar.php(67): CodeIgniter\Shield\Collectors\Auth->__construct()
18 SYSTEMPATH\Config\Services.php(796): CodeIgniter\Debug\Toolbar->__construct(Object(Config\Toolbar))
19 SYSTEMPATH\Config\BaseService.php(312): CodeIgniter\Config\Services::toolbar(Object(Config\Toolbar), false)
20 SYSTEMPATH\Config\BaseService.php(251): CodeIgniter\Config\BaseService::__callStatic('toolbar', [...])
21 SYSTEMPATH\Config\Services.php(791): CodeIgniter\Config\BaseService::getSharedInstance('toolbar', null)
22 SYSTEMPATH\Config\BaseService.php(321): CodeIgniter\Config\Services::toolbar()
23 SYSTEMPATH\Config\BaseService.php(202): CodeIgniter\Config\BaseService::__callStatic('toolbar', [])
24 SYSTEMPATH\Common.php(1000): CodeIgniter\Config\BaseService::get('toolbar')
25 APPPATH\Config\Events.php(47): service('toolbar')
26 SYSTEMPATH\Events\Events.php(155): CodeIgniter\Events\Events::Config\{closure}()
27 SYSTEMPATH\CodeIgniter.php(339): CodeIgniter\Events\Events::trigger('pre_system')
28 SYSTEMPATH\Boot.php(334): CodeIgniter\CodeIgniter->run()
29 SYSTEMPATH\Boot.php(67): CodeIgniter\Boot::runCodeIgniter(Object(CodeIgniter\CodeIgniter))
30 FCPATH\index.php(56): CodeIgniter\Boot::bootWeb(Object(Config\Paths))
CRITICAL - 2025-03-14 01:23:02 --> ParseError: syntax error, unexpected token "public"
[Method: GET, Route: logout]
in APPPATH\Config\Auth.php on line 455.
 1 SYSTEMPATH\Autoloader\Autoloader.php(295): CodeIgniter\Autoloader\Autoloader->includeFile('C:\\xampp\\htdocs\\projeto-e-jobs\\app\\Config\\Auth.php')
 2 SYSTEMPATH\Autoloader\Autoloader.php(271): CodeIgniter\Autoloader\Autoloader->loadInNamespace('Config\\Auth')
 3 [internal function]: CodeIgniter\Autoloader\Autoloader->loadClass('Config\\Auth')
 4 SYSTEMPATH\Config\Factories.php(290): class_exists('Config\\Auth')
 5 SYSTEMPATH\Config\Factories.php(216): CodeIgniter\Config\Factories::locateClass([...], 'Auth')
 6 SYSTEMPATH\Config\Factories.php(159): CodeIgniter\Config\Factories::getDefinedInstance([...], 'Auth', [])
 7 SYSTEMPATH\Config\Factories.php(188): CodeIgniter\Config\Factories::__callStatic('config', [])
 8 SYSTEMPATH\Common.php(210): CodeIgniter\Config\Factories::get('config', 'Auth')
 9 VENDORPATH\codeigniter4\shield\src\Config\Services.php(34): config('Auth')
10 SYSTEMPATH\Config\BaseService.php(312): CodeIgniter\Shield\Config\Services::auth(false)
11 SYSTEMPATH\Config\BaseService.php(251): CodeIgniter\Config\BaseService::__callStatic('auth', [...])
12 VENDORPATH\codeigniter4\shield\src\Config\Services.php(30): CodeIgniter\Config\BaseService::getSharedInstance('auth')
13 SYSTEMPATH\Config\BaseService.php(321): CodeIgniter\Shield\Config\Services::auth()
14 SYSTEMPATH\Config\BaseService.php(202): CodeIgniter\Config\BaseService::__callStatic('auth', [])
15 SYSTEMPATH\Common.php(1000): CodeIgniter\Config\BaseService::get('auth')
16 VENDORPATH\codeigniter4\shield\src\Collectors\Auth.php(60): service('auth')
17 SYSTEMPATH\Debug\Toolbar.php(67): CodeIgniter\Shield\Collectors\Auth->__construct()
18 SYSTEMPATH\Config\Services.php(796): CodeIgniter\Debug\Toolbar->__construct(Object(Config\Toolbar))
19 SYSTEMPATH\Config\BaseService.php(312): CodeIgniter\Config\Services::toolbar(Object(Config\Toolbar), false)
20 SYSTEMPATH\Config\BaseService.php(251): CodeIgniter\Config\BaseService::__callStatic('toolbar', [...])
21 SYSTEMPATH\Config\Services.php(791): CodeIgniter\Config\BaseService::getSharedInstance('toolbar', null)
22 SYSTEMPATH\Config\BaseService.php(321): CodeIgniter\Config\Services::toolbar()
23 SYSTEMPATH\Config\BaseService.php(202): CodeIgniter\Config\BaseService::__callStatic('toolbar', [])
24 SYSTEMPATH\Common.php(1000): CodeIgniter\Config\BaseService::get('toolbar')
25 APPPATH\Config\Events.php(47): service('toolbar')
26 SYSTEMPATH\Events\Events.php(155): CodeIgniter\Events\Events::Config\{closure}()
27 SYSTEMPATH\CodeIgniter.php(339): CodeIgniter\Events\Events::trigger('pre_system')
28 SYSTEMPATH\Boot.php(334): CodeIgniter\CodeIgniter->run()
29 SYSTEMPATH\Boot.php(67): CodeIgniter\Boot::runCodeIgniter(Object(CodeIgniter\CodeIgniter))
30 FCPATH\index.php(56): CodeIgniter\Boot::bootWeb(Object(Config\Paths))
CRITICAL - 2025-03-14 01:23:08 --> ParseError: syntax error, unexpected token "public"
[Method: GET, Route: logout]
in APPPATH\Config\Auth.php on line 455.
 1 SYSTEMPATH\Autoloader\Autoloader.php(295): CodeIgniter\Autoloader\Autoloader->includeFile('C:\\xampp\\htdocs\\projeto-e-jobs\\app\\Config\\Auth.php')
 2 SYSTEMPATH\Autoloader\Autoloader.php(271): CodeIgniter\Autoloader\Autoloader->loadInNamespace('Config\\Auth')
 3 [internal function]: CodeIgniter\Autoloader\Autoloader->loadClass('Config\\Auth')
 4 SYSTEMPATH\Config\Factories.php(290): class_exists('Config\\Auth')
 5 SYSTEMPATH\Config\Factories.php(216): CodeIgniter\Config\Factories::locateClass([...], 'Auth')
 6 SYSTEMPATH\Config\Factories.php(159): CodeIgniter\Config\Factories::getDefinedInstance([...], 'Auth', [])
 7 SYSTEMPATH\Config\Factories.php(188): CodeIgniter\Config\Factories::__callStatic('config', [])
 8 SYSTEMPATH\Common.php(210): CodeIgniter\Config\Factories::get('config', 'Auth')
 9 VENDORPATH\codeigniter4\shield\src\Config\Services.php(34): config('Auth')
10 SYSTEMPATH\Config\BaseService.php(312): CodeIgniter\Shield\Config\Services::auth(false)
11 SYSTEMPATH\Config\BaseService.php(251): CodeIgniter\Config\BaseService::__callStatic('auth', [...])
12 VENDORPATH\codeigniter4\shield\src\Config\Services.php(30): CodeIgniter\Config\BaseService::getSharedInstance('auth')
13 SYSTEMPATH\Config\BaseService.php(321): CodeIgniter\Shield\Config\Services::auth()
14 SYSTEMPATH\Config\BaseService.php(202): CodeIgniter\Config\BaseService::__callStatic('auth', [])
15 SYSTEMPATH\Common.php(1000): CodeIgniter\Config\BaseService::get('auth')
16 VENDORPATH\codeigniter4\shield\src\Collectors\Auth.php(60): service('auth')
17 SYSTEMPATH\Debug\Toolbar.php(67): CodeIgniter\Shield\Collectors\Auth->__construct()
18 SYSTEMPATH\Config\Services.php(796): CodeIgniter\Debug\Toolbar->__construct(Object(Config\Toolbar))
19 SYSTEMPATH\Config\BaseService.php(312): CodeIgniter\Config\Services::toolbar(Object(Config\Toolbar), false)
20 SYSTEMPATH\Config\BaseService.php(251): CodeIgniter\Config\BaseService::__callStatic('toolbar', [...])
21 SYSTEMPATH\Config\Services.php(791): CodeIgniter\Config\BaseService::getSharedInstance('toolbar', null)
22 SYSTEMPATH\Config\BaseService.php(321): CodeIgniter\Config\Services::toolbar()
23 SYSTEMPATH\Config\BaseService.php(202): CodeIgniter\Config\BaseService::__callStatic('toolbar', [])
24 SYSTEMPATH\Common.php(1000): CodeIgniter\Config\BaseService::get('toolbar')
25 APPPATH\Config\Events.php(47): service('toolbar')
26 SYSTEMPATH\Events\Events.php(155): CodeIgniter\Events\Events::Config\{closure}()
27 SYSTEMPATH\CodeIgniter.php(339): CodeIgniter\Events\Events::trigger('pre_system')
28 SYSTEMPATH\Boot.php(334): CodeIgniter\CodeIgniter->run()
29 SYSTEMPATH\Boot.php(67): CodeIgniter\Boot::runCodeIgniter(Object(CodeIgniter\CodeIgniter))
30 FCPATH\index.php(56): CodeIgniter\Boot::bootWeb(Object(Config\Paths))
DEBUG - 2025-03-14 01:24:38 --> Session: Class initialized using 'CodeIgniter\Session\Handlers\FileHandler' driver.
DEBUG - 2025-03-14 01:24:39 --> Session: Class initialized using 'CodeIgniter\Session\Handlers\FileHandler' driver.
DEBUG - 2025-03-14 01:24:39 --> Session: Class initialized using 'CodeIgniter\Session\Handlers\FileHandler' driver.
DEBUG - 2025-03-14 01:25:14 --> Session: Class initialized using 'CodeIgniter\Session\Handlers\FileHandler' driver.
DEBUG - 2025-03-14 01:25:14 --> Session: Class initialized using 'CodeIgniter\Session\Handlers\FileHandler' driver.
DEBUG - 2025-03-14 01:25:14 --> Session: Class initialized using 'CodeIgniter\Session\Handlers\FileHandler' driver.
DEBUG - 2025-03-14 01:27:02 --> Session: Class initialized using 'CodeIgniter\Session\Handlers\FileHandler' driver.
DEBUG - 2025-03-14 01:27:03 --> Session: Class initialized using 'CodeIgniter\Session\Handlers\FileHandler' driver.
DEBUG - 2025-03-14 01:27:03 --> Session: Class initialized using 'CodeIgniter\Session\Handlers\FileHandler' driver.
DEBUG - 2025-03-14 01:27:10 --> Session: Class initialized using 'CodeIgniter\Session\Handlers\FileHandler' driver.
DEBUG - 2025-03-14 01:27:10 --> Session: Class initialized using 'CodeIgniter\Session\Handlers\FileHandler' driver.
DEBUG - 2025-03-14 01:27:12 --> Session: Class initialized using 'CodeIgniter\Session\Handlers\FileHandler' driver.
DEBUG - 2025-03-14 01:27:12 --> Session: Class initialized using 'CodeIgniter\Session\Handlers\FileHandler' driver.
DEBUG - 2025-03-14 01:27:47 --> Session: Class initialized using 'CodeIgniter\Session\Handlers\FileHandler' driver.
DEBUG - 2025-03-14 01:27:47 --> Session: Class initialized using 'CodeIgniter\Session\Handlers\FileHandler' driver.
DEBUG - 2025-03-14 01:27:47 --> Session: Class initialized using 'CodeIgniter\Session\Handlers\FileHandler' driver.
DEBUG - 2025-03-14 01:27:50 --> Session: Class initialized using 'CodeIgniter\Session\Handlers\FileHandler' driver.
DEBUG - 2025-03-14 01:27:51 --> Session: Class initialized using 'CodeIgniter\Session\Handlers\FileHandler' driver.
DEBUG - 2025-03-14 01:28:09 --> Session: Class initialized using 'CodeIgniter\Session\Handlers\FileHandler' driver.
DEBUG - 2025-03-14 01:28:09 --> Session: Class initialized using 'CodeIgniter\Session\Handlers\FileHandler' driver.
DEBUG - 2025-03-14 01:28:09 --> Session: Class initialized using 'CodeIgniter\Session\Handlers\FileHandler' driver.
DEBUG - 2025-03-14 01:28:24 --> Session: Class initialized using 'CodeIgniter\Session\Handlers\FileHandler' driver.
DEBUG - 2025-03-14 01:28:24 --> Session: Class initialized using 'CodeIgniter\Session\Handlers\FileHandler' driver.
DEBUG - 2025-03-14 01:28:24 --> Session: Class initialized using 'CodeIgniter\Session\Handlers\FileHandler' driver.
DEBUG - 2025-03-14 01:28:28 --> Session: Class initialized using 'CodeIgniter\Session\Handlers\FileHandler' driver.
DEBUG - 2025-03-14 01:28:28 --> Session: Class initialized using 'CodeIgniter\Session\Handlers\FileHandler' driver.
DEBUG - 2025-03-14 01:28:29 --> Session: Class initialized using 'CodeIgniter\Session\Handlers\FileHandler' driver.
DEBUG - 2025-03-14 01:28:32 --> Session: Class initialized using 'CodeIgniter\Session\Handlers\FileHandler' driver.
DEBUG - 2025-03-14 01:28:32 --> Session: Class initialized using 'CodeIgniter\Session\Handlers\FileHandler' driver.
DEBUG - 2025-03-14 01:28:32 --> Session: Class initialized using 'CodeIgniter\Session\Handlers\FileHandler' driver.
DEBUG - 2025-03-14 01:28:46 --> Session: Class initialized using 'CodeIgniter\Session\Handlers\FileHandler' driver.
DEBUG - 2025-03-14 01:28:46 --> Session: Class initialized using 'CodeIgniter\Session\Handlers\FileHandler' driver.
DEBUG - 2025-03-14 01:28:46 --> Session: Class initialized using 'CodeIgniter\Session\Handlers\FileHandler' driver.
DEBUG - 2025-03-14 01:28:47 --> Session: Class initialized using 'CodeIgniter\Session\Handlers\FileHandler' driver.
DEBUG - 2025-03-14 01:28:48 --> Session: Class initialized using 'CodeIgniter\Session\Handlers\FileHandler' driver.
DEBUG - 2025-03-14 01:29:03 --> Session: Class initialized using 'CodeIgniter\Session\Handlers\FileHandler' driver.
DEBUG - 2025-03-14 01:29:03 --> Session: Class initialized using 'CodeIgniter\Session\Handlers\FileHandler' driver.
DEBUG - 2025-03-14 01:29:04 --> Session: Class initialized using 'CodeIgniter\Session\Handlers\FileHandler' driver.
DEBUG - 2025-03-14 01:29:15 --> Session: Class initialized using 'CodeIgniter\Session\Handlers\FileHandler' driver.
DEBUG - 2025-03-14 01:29:15 --> Session: Class initialized using 'CodeIgniter\Session\Handlers\FileHandler' driver.
DEBUG - 2025-03-14 01:29:16 --> Session: Class initialized using 'CodeIgniter\Session\Handlers\FileHandler' driver.
DEBUG - 2025-03-14 01:35:24 --> Session: Class initialized using 'CodeIgniter\Session\Handlers\FileHandler' driver.
DEBUG - 2025-03-14 01:35:24 --> Session: Class initialized using 'CodeIgniter\Session\Handlers\FileHandler' driver.
DEBUG - 2025-03-14 01:35:28 --> Session: Class initialized using 'CodeIgniter\Session\Handlers\FileHandler' driver.
DEBUG - 2025-03-14 01:35:28 --> Session: Class initialized using 'CodeIgniter\Session\Handlers\FileHandler' driver.
DEBUG - 2025-03-14 01:35:32 --> Session: Class initialized using 'CodeIgniter\Session\Handlers\FileHandler' driver.
DEBUG - 2025-03-14 01:35:32 --> Session: Class initialized using 'CodeIgniter\Session\Handlers\FileHandler' driver.
DEBUG - 2025-03-14 01:41:42 --> Session: Class initialized using 'CodeIgniter\Session\Handlers\FileHandler' driver.
DEBUG - 2025-03-14 01:41:42 --> Session: Class initialized using 'CodeIgniter\Session\Handlers\FileHandler' driver.
DEBUG - 2025-03-14 01:41:42 --> Session: Class initialized using 'CodeIgniter\Session\Handlers\FileHandler' driver.
DEBUG - 2025-03-14 01:41:45 --> Session: Class initialized using 'CodeIgniter\Session\Handlers\FileHandler' driver.
DEBUG - 2025-03-14 01:41:45 --> Session: Class initialized using 'CodeIgniter\Session\Handlers\FileHandler' driver.
DEBUG - 2025-03-14 01:41:45 --> Session: Class initialized using 'CodeIgniter\Session\Handlers\FileHandler' driver.
DEBUG - 2025-03-14 01:42:34 --> Session: Class initialized using 'CodeIgniter\Session\Handlers\FileHandler' driver.
DEBUG - 2025-03-14 01:42:34 --> Session: Class initialized using 'CodeIgniter\Session\Handlers\FileHandler' driver.
DEBUG - 2025-03-14 01:43:05 --> Session: Class initialized using 'CodeIgniter\Session\Handlers\FileHandler' driver.
DEBUG - 2025-03-14 01:43:05 --> Session: Class initialized using 'CodeIgniter\Session\Handlers\FileHandler' driver.
DEBUG - 2025-03-14 01:43:05 --> Session: Class initialized using 'CodeIgniter\Session\Handlers\FileHandler' driver.
DEBUG - 2025-03-14 01:43:13 --> Session: Class initialized using 'CodeIgniter\Session\Handlers\FileHandler' driver.
DEBUG - 2025-03-14 01:43:13 --> Session: Class initialized using 'CodeIgniter\Session\Handlers\FileHandler' driver.
DEBUG - 2025-03-14 01:43:13 --> Session: Class initialized using 'CodeIgniter\Session\Handlers\FileHandler' driver.
DEBUG - 2025-03-14 01:43:28 --> Session: Class initialized using 'CodeIgniter\Session\Handlers\FileHandler' driver.
DEBUG - 2025-03-14 01:43:28 --> Session: Class initialized using 'CodeIgniter\Session\Handlers\FileHandler' driver.
DEBUG - 2025-03-14 01:43:29 --> Session: Class initialized using 'CodeIgniter\Session\Handlers\FileHandler' driver.
DEBUG - 2025-03-14 01:43:29 --> Session: Class initialized using 'CodeIgniter\Session\Handlers\FileHandler' driver.
DEBUG - 2025-03-14 01:43:33 --> Session: Class initialized using 'CodeIgniter\Session\Handlers\FileHandler' driver.
DEBUG - 2025-03-14 01:43:33 --> Session: Class initialized using 'CodeIgniter\Session\Handlers\FileHandler' driver.
DEBUG - 2025-03-14 01:43:33 --> Session: Class initialized using 'CodeIgniter\Session\Handlers\FileHandler' driver.
DEBUG - 2025-03-14 01:43:38 --> Session: Class initialized using 'CodeIgniter\Session\Handlers\FileHandler' driver.
DEBUG - 2025-03-14 01:43:38 --> Session: Class initialized using 'CodeIgniter\Session\Handlers\FileHandler' driver.
DEBUG - 2025-03-14 01:44:00 --> Session: Class initialized using 'CodeIgniter\Session\Handlers\FileHandler' driver.
DEBUG - 2025-03-14 01:44:01 --> Session: Class initialized using 'CodeIgniter\Session\Handlers\FileHandler' driver.
DEBUG - 2025-03-14 01:44:01 --> Session: Class initialized using 'CodeIgniter\Session\Handlers\FileHandler' driver.
DEBUG - 2025-03-14 01:44:06 --> Session: Class initialized using 'CodeIgniter\Session\Handlers\FileHandler' driver.
DEBUG - 2025-03-14 01:44:06 --> Session: Class initialized using 'CodeIgniter\Session\Handlers\FileHandler' driver.
DEBUG - 2025-03-14 01:44:06 --> Session: Class initialized using 'CodeIgniter\Session\Handlers\FileHandler' driver.
DEBUG - 2025-03-14 01:44:15 --> Session: Class initialized using 'CodeIgniter\Session\Handlers\FileHandler' driver.
DEBUG - 2025-03-14 01:44:15 --> Session: Class initialized using 'CodeIgniter\Session\Handlers\FileHandler' driver.
DEBUG - 2025-03-14 01:44:15 --> Session: Class initialized using 'CodeIgniter\Session\Handlers\FileHandler' driver.
DEBUG - 2025-03-14 22:05:05 --> Session: Class initialized using 'CodeIgniter\Session\Handlers\FileHandler' driver.
DEBUG - 2025-03-14 22:05:05 --> Session: Class initialized using 'CodeIgniter\Session\Handlers\FileHandler' driver.
DEBUG - 2025-03-14 22:05:12 --> Session: Class initialized using 'CodeIgniter\Session\Handlers\FileHandler' driver.
DEBUG - 2025-03-14 22:05:13 --> Session: Class initialized using 'CodeIgniter\Session\Handlers\FileHandler' driver.
DEBUG - 2025-03-14 22:05:13 --> Session: Class initialized using 'CodeIgniter\Session\Handlers\FileHandler' driver.
ERROR - 2025-03-14 22:05:23 --> mysqli_sql_exception: MySQL server has gone away in C:\xampp\htdocs\projeto-e-jobs\system\Database\MySQLi\Connection.php:327
Stack trace:
#0 C:\xampp\htdocs\projeto-e-jobs\system\Database\MySQLi\Connection.php(327): mysqli->query('UPDATE `auth_id...', 0)
#1 C:\xampp\htdocs\projeto-e-jobs\system\Database\BaseConnection.php(738): CodeIgniter\Database\MySQLi\Connection->execute('UPDATE `auth_id...')
#2 C:\xampp\htdocs\projeto-e-jobs\system\Database\BaseConnection.php(652): CodeIgniter\Database\BaseConnection->simpleQuery('UPDATE `auth_id...')
#3 C:\xampp\htdocs\projeto-e-jobs\system\Database\BaseBuilder.php(2521): CodeIgniter\Database\BaseConnection->query('UPDATE `auth_id...', Array, false)
#4 C:\xampp\htdocs\projeto-e-jobs\system\Model.php(461): CodeIgniter\Database\BaseBuilder->update()
#5 C:\xampp\htdocs\projeto-e-jobs\system\BaseModel.php(1027): CodeIgniter\Model->doUpdate(Array, Array)
#6 C:\xampp\htdocs\projeto-e-jobs\system\Model.php(863): CodeIgniter\BaseModel->update(Array, Array)
#7 C:\xampp\htdocs\projeto-e-jobs\vendor\codeigniter4\shield\src\Models\UserIdentityModel.php(553): CodeIgniter\Model->update('15', Object(CodeIgniter\Shield\Entities\UserIdentity))
#8 C:\xampp\htdocs\projeto-e-jobs\system\BaseModel.php(748): CodeIgniter\Shield\Models\UserIdentityModel->update('15', Object(CodeIgniter\Shield\Entities\UserIdentity))
#9 C:\xampp\htdocs\projeto-e-jobs\vendor\codeigniter4\shield\src\Models\UserIdentityModel.php(447): CodeIgniter\BaseModel->save(Object(CodeIgniter\Shield\Entities\UserIdentity))
#10 C:\xampp\htdocs\projeto-e-jobs\vendor\codeigniter4\shield\src\Entities\User.php(225): CodeIgniter\Shield\Models\UserIdentityModel->touchIdentity(Object(CodeIgniter\Shield\Entities\UserIdentity))
#11 C:\xampp\htdocs\projeto-e-jobs\vendor\codeigniter4\shield\src\Authentication\Authenticators\Session.php(169): CodeIgniter\Shield\Entities\User->touchIdentity(Object(CodeIgniter\Shield\Entities\UserIdentity))
#12 C:\xampp\htdocs\projeto-e-jobs\vendor\codeigniter4\shield\src\Controllers\LoginController.php(71): CodeIgniter\Shield\Authentication\Authenticators\Session->attempt(Array)
#13 C:\xampp\htdocs\projeto-e-jobs\system\CodeIgniter.php(933): CodeIgniter\Shield\Controllers\LoginController->loginAction()
#14 C:\xampp\htdocs\projeto-e-jobs\system\CodeIgniter.php(507): CodeIgniter\CodeIgniter->runController(Object(CodeIgniter\Shield\Controllers\LoginController))
#15 C:\xampp\htdocs\projeto-e-jobs\system\CodeIgniter.php(354): CodeIgniter\CodeIgniter->handleRequest(NULL, Object(Config\Cache), false)
#16 C:\xampp\htdocs\projeto-e-jobs\system\Boot.php(334): CodeIgniter\CodeIgniter->run()
#17 C:\xampp\htdocs\projeto-e-jobs\system\Boot.php(67): CodeIgniter\Boot::runCodeIgniter(Object(CodeIgniter\CodeIgniter))
#18 C:\xampp\htdocs\projeto-e-jobs\public\index.php(56): CodeIgniter\Boot::bootWeb(Object(Config\Paths))
#19 {main}
CRITICAL - 2025-03-14 22:05:23 --> CodeIgniter\Database\Exceptions\DatabaseException: MySQL server has gone away
[Method: POST, Route: login]
in SYSTEMPATH\Database\BaseConnection.php on line 692.
 1 SYSTEMPATH\Database\BaseBuilder.php(2521): CodeIgniter\Database\BaseConnection->query('UPDATE `auth_identities` SET `last_used_at` = :last_used_at:, `updated_at` = :updated_at:
WHERE `auth_identities`.`id` IN :auth_identities.id:', [...], false)
 2 SYSTEMPATH\Model.php(461): CodeIgniter\Database\BaseBuilder->update()
 3 SYSTEMPATH\BaseModel.php(1027): CodeIgniter\Model->doUpdate([...], [...])
 4 SYSTEMPATH\Model.php(863): CodeIgniter\BaseModel->update([...], [...])
 5 VENDORPATH\codeigniter4\shield\src\Models\UserIdentityModel.php(553): CodeIgniter\Model->update('15', Object(CodeIgniter\Shield\Entities\UserIdentity))
 6 SYSTEMPATH\BaseModel.php(748): CodeIgniter\Shield\Models\UserIdentityModel->update('15', Object(CodeIgniter\Shield\Entities\UserIdentity))
 7 VENDORPATH\codeigniter4\shield\src\Models\UserIdentityModel.php(447): CodeIgniter\BaseModel->save(Object(CodeIgniter\Shield\Entities\UserIdentity))
 8 VENDORPATH\codeigniter4\shield\src\Entities\User.php(225): CodeIgniter\Shield\Models\UserIdentityModel->touchIdentity(Object(CodeIgniter\Shield\Entities\UserIdentity))
 9 VENDORPATH\codeigniter4\shield\src\Authentication\Authenticators\Session.php(169): CodeIgniter\Shield\Entities\User->touchIdentity(Object(CodeIgniter\Shield\Entities\UserIdentity))
10 VENDORPATH\codeigniter4\shield\src\Controllers\LoginController.php(71): CodeIgniter\Shield\Authentication\Authenticators\Session->attempt([...])
11 SYSTEMPATH\CodeIgniter.php(933): CodeIgniter\Shield\Controllers\LoginController->loginAction()
12 SYSTEMPATH\CodeIgniter.php(507): CodeIgniter\CodeIgniter->runController(Object(CodeIgniter\Shield\Controllers\LoginController))
13 SYSTEMPATH\CodeIgniter.php(354): CodeIgniter\CodeIgniter->handleRequest(null, Object(Config\Cache), false)
14 SYSTEMPATH\Boot.php(334): CodeIgniter\CodeIgniter->run()
15 SYSTEMPATH\Boot.php(67): CodeIgniter\Boot::runCodeIgniter(Object(CodeIgniter\CodeIgniter))
16 FCPATH\index.php(56): CodeIgniter\Boot::bootWeb(Object(Config\Paths))
CRITICAL - 2025-03-14 22:05:23 --> [Caused by] CodeIgniter\Database\Exceptions\DatabaseException: MySQL server has gone away
in SYSTEMPATH\Database\MySQLi\Connection.php on line 332.
 1 SYSTEMPATH\Database\BaseConnection.php(738): CodeIgniter\Database\MySQLi\Connection->execute('UPDATE `auth_identities` SET `last_used_at` = \'2025-03-14 22:05:22\', `updated_at` = \'2025-03-14 22:05:22\'
WHERE `auth_identities`.`id` IN (\'15\')')
 2 SYSTEMPATH\Database\BaseConnection.php(652): CodeIgniter\Database\BaseConnection->simpleQuery('UPDATE `auth_identities` SET `last_used_at` = \'2025-03-14 22:05:22\', `updated_at` = \'2025-03-14 22:05:22\'
WHERE `auth_identities`.`id` IN (\'15\')')
 3 SYSTEMPATH\Database\BaseBuilder.php(2521): CodeIgniter\Database\BaseConnection->query('UPDATE `auth_identities` SET `last_used_at` = :last_used_at:, `updated_at` = :updated_at:
WHERE `auth_identities`.`id` IN :auth_identities.id:', [...], false)
 4 SYSTEMPATH\Model.php(461): CodeIgniter\Database\BaseBuilder->update()
 5 SYSTEMPATH\BaseModel.php(1027): CodeIgniter\Model->doUpdate([...], [...])
 6 SYSTEMPATH\Model.php(863): CodeIgniter\BaseModel->update([...], [...])
 7 VENDORPATH\codeigniter4\shield\src\Models\UserIdentityModel.php(553): CodeIgniter\Model->update('15', Object(CodeIgniter\Shield\Entities\UserIdentity))
 8 SYSTEMPATH\BaseModel.php(748): CodeIgniter\Shield\Models\UserIdentityModel->update('15', Object(CodeIgniter\Shield\Entities\UserIdentity))
 9 VENDORPATH\codeigniter4\shield\src\Models\UserIdentityModel.php(447): CodeIgniter\BaseModel->save(Object(CodeIgniter\Shield\Entities\UserIdentity))
10 VENDORPATH\codeigniter4\shield\src\Entities\User.php(225): CodeIgniter\Shield\Models\UserIdentityModel->touchIdentity(Object(CodeIgniter\Shield\Entities\UserIdentity))
11 VENDORPATH\codeigniter4\shield\src\Authentication\Authenticators\Session.php(169): CodeIgniter\Shield\Entities\User->touchIdentity(Object(CodeIgniter\Shield\Entities\UserIdentity))
12 VENDORPATH\codeigniter4\shield\src\Controllers\LoginController.php(71): CodeIgniter\Shield\Authentication\Authenticators\Session->attempt([...])
13 SYSTEMPATH\CodeIgniter.php(933): CodeIgniter\Shield\Controllers\LoginController->loginAction()
14 SYSTEMPATH\CodeIgniter.php(507): CodeIgniter\CodeIgniter->runController(Object(CodeIgniter\Shield\Controllers\LoginController))
15 SYSTEMPATH\CodeIgniter.php(354): CodeIgniter\CodeIgniter->handleRequest(null, Object(Config\Cache), false)
16 SYSTEMPATH\Boot.php(334): CodeIgniter\CodeIgniter->run()
17 SYSTEMPATH\Boot.php(67): CodeIgniter\Boot::runCodeIgniter(Object(CodeIgniter\CodeIgniter))
18 FCPATH\index.php(56): CodeIgniter\Boot::bootWeb(Object(Config\Paths))
CRITICAL - 2025-03-14 22:05:23 --> [Caused by] mysqli_sql_exception: MySQL server has gone away
in SYSTEMPATH\Database\MySQLi\Connection.php on line 327.
 1 SYSTEMPATH\Database\MySQLi\Connection.php(327): mysqli->query('UPDATE `auth_identities` SET `last_used_at` = \'2025-03-14 22:05:22\', `updated_at` = \'2025-03-14 22:05:22\'
WHERE `auth_identities`.`id` IN (\'15\')', 0)
 2 SYSTEMPATH\Database\BaseConnection.php(738): CodeIgniter\Database\MySQLi\Connection->execute('UPDATE `auth_identities` SET `last_used_at` = \'2025-03-14 22:05:22\', `updated_at` = \'2025-03-14 22:05:22\'
WHERE `auth_identities`.`id` IN (\'15\')')
 3 SYSTEMPATH\Database\BaseConnection.php(652): CodeIgniter\Database\BaseConnection->simpleQuery('UPDATE `auth_identities` SET `last_used_at` = \'2025-03-14 22:05:22\', `updated_at` = \'2025-03-14 22:05:22\'
WHERE `auth_identities`.`id` IN (\'15\')')
 4 SYSTEMPATH\Database\BaseBuilder.php(2521): CodeIgniter\Database\BaseConnection->query('UPDATE `auth_identities` SET `last_used_at` = :last_used_at:, `updated_at` = :updated_at:
WHERE `auth_identities`.`id` IN :auth_identities.id:', [...], false)
 5 SYSTEMPATH\Model.php(461): CodeIgniter\Database\BaseBuilder->update()
 6 SYSTEMPATH\BaseModel.php(1027): CodeIgniter\Model->doUpdate([...], [...])
 7 SYSTEMPATH\Model.php(863): CodeIgniter\BaseModel->update([...], [...])
 8 VENDORPATH\codeigniter4\shield\src\Models\UserIdentityModel.php(553): CodeIgniter\Model->update('15', Object(CodeIgniter\Shield\Entities\UserIdentity))
 9 SYSTEMPATH\BaseModel.php(748): CodeIgniter\Shield\Models\UserIdentityModel->update('15', Object(CodeIgniter\Shield\Entities\UserIdentity))
10 VENDORPATH\codeigniter4\shield\src\Models\UserIdentityModel.php(447): CodeIgniter\BaseModel->save(Object(CodeIgniter\Shield\Entities\UserIdentity))
11 VENDORPATH\codeigniter4\shield\src\Entities\User.php(225): CodeIgniter\Shield\Models\UserIdentityModel->touchIdentity(Object(CodeIgniter\Shield\Entities\UserIdentity))
12 VENDORPATH\codeigniter4\shield\src\Authentication\Authenticators\Session.php(169): CodeIgniter\Shield\Entities\User->touchIdentity(Object(CodeIgniter\Shield\Entities\UserIdentity))
13 VENDORPATH\codeigniter4\shield\src\Controllers\LoginController.php(71): CodeIgniter\Shield\Authentication\Authenticators\Session->attempt([...])
14 SYSTEMPATH\CodeIgniter.php(933): CodeIgniter\Shield\Controllers\LoginController->loginAction()
15 SYSTEMPATH\CodeIgniter.php(507): CodeIgniter\CodeIgniter->runController(Object(CodeIgniter\Shield\Controllers\LoginController))
16 SYSTEMPATH\CodeIgniter.php(354): CodeIgniter\CodeIgniter->handleRequest(null, Object(Config\Cache), false)
17 SYSTEMPATH\Boot.php(334): CodeIgniter\CodeIgniter->run()
18 SYSTEMPATH\Boot.php(67): CodeIgniter\Boot::runCodeIgniter(Object(CodeIgniter\CodeIgniter))
19 FCPATH\index.php(56): CodeIgniter\Boot::bootWeb(Object(Config\Paths))
DEBUG - 2025-03-14 22:05:34 --> Session: Class initialized using 'CodeIgniter\Session\Handlers\FileHandler' driver.
DEBUG - 2025-03-14 22:05:34 --> Session: Class initialized using 'CodeIgniter\Session\Handlers\FileHandler' driver.
DEBUG - 2025-03-14 22:05:34 --> Session: Class initialized using 'CodeIgniter\Session\Handlers\FileHandler' driver.
DEBUG - 2025-03-14 22:05:38 --> Session: Class initialized using 'CodeIgniter\Session\Handlers\FileHandler' driver.
DEBUG - 2025-03-14 22:05:38 --> Session: Class initialized using 'CodeIgniter\Session\Handlers\FileHandler' driver.
DEBUG - 2025-03-14 22:05:38 --> Session: Class initialized using 'CodeIgniter\Session\Handlers\FileHandler' driver.
DEBUG - 2025-03-14 22:05:45 --> Session: Class initialized using 'CodeIgniter\Session\Handlers\FileHandler' driver.
DEBUG - 2025-03-14 22:05:46 --> Session: Class initialized using 'CodeIgniter\Session\Handlers\FileHandler' driver.
DEBUG - 2025-03-14 22:05:46 --> Session: Class initialized using 'CodeIgniter\Session\Handlers\FileHandler' driver.
DEBUG - 2025-03-14 22:06:13 --> Session: Class initialized using 'CodeIgniter\Session\Handlers\FileHandler' driver.
DEBUG - 2025-03-14 22:06:13 --> Session: Class initialized using 'CodeIgniter\Session\Handlers\FileHandler' driver.
DEBUG - 2025-03-14 22:06:19 --> Session: Class initialized using 'CodeIgniter\Session\Handlers\FileHandler' driver.
DEBUG - 2025-03-14 22:06:19 --> Session: Class initialized using 'CodeIgniter\Session\Handlers\FileHandler' driver.
DEBUG - 2025-03-14 22:06:19 --> Session: Class initialized using 'CodeIgniter\Session\Handlers\FileHandler' driver.
DEBUG - 2025-03-14 22:06:38 --> Session: Class initialized using 'CodeIgniter\Session\Handlers\FileHandler' driver.
DEBUG - 2025-03-14 22:06:38 --> Session: Class initialized using 'CodeIgniter\Session\Handlers\FileHandler' driver.
DEBUG - 2025-03-14 22:06:38 --> Session: Class initialized using 'CodeIgniter\Session\Handlers\FileHandler' driver.
DEBUG - 2025-03-14 22:06:44 --> Session: Class initialized using 'CodeIgniter\Session\Handlers\FileHandler' driver.
DEBUG - 2025-03-14 22:06:44 --> Session: Class initialized using 'CodeIgniter\Session\Handlers\FileHandler' driver.
DEBUG - 2025-03-14 22:06:44 --> Session: Class initialized using 'CodeIgniter\Session\Handlers\FileHandler' driver.
DEBUG - 2025-03-14 22:06:51 --> Session: Class initialized using 'CodeIgniter\Session\Handlers\FileHandler' driver.
DEBUG - 2025-03-14 22:06:51 --> Session: Class initialized using 'CodeIgniter\Session\Handlers\FileHandler' driver.
DEBUG - 2025-03-14 22:06:51 --> Session: Class initialized using 'CodeIgniter\Session\Handlers\FileHandler' driver.
